<?xml version="1.0" encoding="UTF-8"?>
<testng-results ignored="0" total="2" passed="2" failed="0" skipped="0">
  <reporter-output>
  </reporter-output>
  <suite started-at="2023-10-10T13:32:38 IST" name="Suite123" finished-at="2023-10-10T13:33:42 IST" duration-ms="63777">
    <groups>
    </groups>
    <test started-at="2023-10-10T13:32:38 IST" name="ChromeTest" finished-at="2023-10-10T13:33:06 IST" duration-ms="27871">
      <class name="testNG_Test.VarifyTicketBookingSection">
        <test-method is-config="true" signature="browserLaunch(java.lang.String)[pri:0, instance:testNG_Test.VarifyTicketBookingSection@5524cca1]" started-at="2023-10-10T13:32:38 IST" name="browserLaunch" finished-at="2023-10-10T13:32:41 IST" duration-ms="2341" status="PASS">
          <params>
            <param index="0">
              <value>
                <![CDATA[Chrome]]>
              </value>
            </param>
          </params>
          <reporter-output>
          </reporter-output>
        </test-method> <!-- browserLaunch -->
        <test-method is-config="true" signature="launchBrowser()[pri:0, instance:testNG_Test.VarifyTicketBookingSection@5524cca1]" started-at="2023-10-10T13:32:41 IST" name="launchBrowser" finished-at="2023-10-10T13:32:41 IST" duration-ms="54" status="PASS">
          <reporter-output>
          </reporter-output>
        </test-method> <!-- launchBrowser -->
        <test-method is-config="true" signature="launchAppicationHomePage()[pri:0, instance:testNG_Test.VarifyTicketBookingSection@5524cca1]" started-at="2023-10-10T13:32:41 IST" name="launchAppicationHomePage" finished-at="2023-10-10T13:32:45 IST" duration-ms="4620" status="PASS">
          <reporter-output>
          </reporter-output>
        </test-method> <!-- launchAppicationHomePage -->
        <test-method signature="varifyTicketBookingFields()[pri:0, instance:testNG_Test.VarifyTicketBookingSection@5524cca1]" started-at="2023-10-10T13:32:45 IST" name="varifyTicketBookingFields" finished-at="2023-10-10T13:33:06 IST" duration-ms="20402" status="PASS">
          <reporter-output>
          </reporter-output>
        </test-method> <!-- varifyTicketBookingFields -->
        <test-method is-config="true" signature="afterMethod()[pri:0, instance:testNG_Test.VarifyTicketBookingSection@5524cca1]" started-at="2023-10-10T13:33:06 IST" name="afterMethod" finished-at="2023-10-10T13:33:06 IST" duration-ms="5" status="PASS">
          <reporter-output>
          </reporter-output>
        </test-method> <!-- afterMethod -->
        <test-method is-config="true" signature="afterTest()[pri:0, instance:testNG_Test.VarifyTicketBookingSection@5524cca1]" started-at="2023-10-10T13:33:06 IST" name="afterTest" finished-at="2023-10-10T13:33:06 IST" duration-ms="374" status="PASS">
          <reporter-output>
          </reporter-output>
        </test-method> <!-- afterTest -->
        <test-method is-config="true" signature="closeTheBrowser()[pri:0, instance:testNG_Test.VarifyTicketBookingSection@5524cca1]" started-at="2023-10-10T13:33:06 IST" name="closeTheBrowser" finished-at="2023-10-10T13:33:06 IST" duration-ms="0" status="PASS">
          <reporter-output>
          </reporter-output>
        </test-method> <!-- closeTheBrowser -->
      </class> <!-- testNG_Test.VarifyTicketBookingSection -->
    </test> <!-- ChromeTest -->
    <test started-at="2023-10-10T13:33:06 IST" name="EdgeTest" finished-at="2023-10-10T13:33:42 IST" duration-ms="35859">
      <class name="testNG_Test.VarifyTicketBookingSection">
        <test-method is-config="true" signature="browserLaunch(java.lang.String)[pri:0, instance:testNG_Test.VarifyTicketBookingSection@28dcca0c]" started-at="2023-10-10T13:33:06 IST" name="browserLaunch" finished-at="2023-10-10T13:33:16 IST" duration-ms="9988" status="PASS">
          <params>
            <param index="0">
              <value>
                <![CDATA[Edge]]>
              </value>
            </param>
          </params>
          <reporter-output>
          </reporter-output>
        </test-method> <!-- browserLaunch -->
        <test-method is-config="true" signature="launchBrowser()[pri:0, instance:testNG_Test.VarifyTicketBookingSection@28dcca0c]" started-at="2023-10-10T13:33:16 IST" name="launchBrowser" finished-at="2023-10-10T13:33:16 IST" duration-ms="2" status="PASS">
          <reporter-output>
          </reporter-output>
        </test-method> <!-- launchBrowser -->
        <test-method is-config="true" signature="launchAppicationHomePage()[pri:0, instance:testNG_Test.VarifyTicketBookingSection@28dcca0c]" started-at="2023-10-10T13:33:16 IST" name="launchAppicationHomePage" finished-at="2023-10-10T13:33:22 IST" duration-ms="6174" status="PASS">
          <reporter-output>
          </reporter-output>
        </test-method> <!-- launchAppicationHomePage -->
        <test-method signature="varifyTicketBookingFields()[pri:0, instance:testNG_Test.VarifyTicketBookingSection@28dcca0c]" started-at="2023-10-10T13:33:22 IST" name="varifyTicketBookingFields" finished-at="2023-10-10T13:33:42 IST" duration-ms="19169" status="PASS">
          <reporter-output>
          </reporter-output>
        </test-method> <!-- varifyTicketBookingFields -->
        <test-method is-config="true" signature="afterMethod()[pri:0, instance:testNG_Test.VarifyTicketBookingSection@28dcca0c]" started-at="2023-10-10T13:33:42 IST" name="afterMethod" finished-at="2023-10-10T13:33:42 IST" duration-ms="0" status="PASS">
          <reporter-output>
          </reporter-output>
        </test-method> <!-- afterMethod -->
        <test-method is-config="true" signature="closeTheBrowser()[pri:0, instance:testNG_Test.VarifyTicketBookingSection@28dcca0c]" started-at="2023-10-10T13:33:42 IST" name="closeTheBrowser" finished-at="2023-10-10T13:33:42 IST" duration-ms="4" status="PASS">
          <reporter-output>
          </reporter-output>
        </test-method> <!-- closeTheBrowser -->
        <test-method is-config="true" signature="afterTest()[pri:0, instance:testNG_Test.VarifyTicketBookingSection@28dcca0c]" started-at="2023-10-10T13:33:42 IST" name="afterTest" finished-at="2023-10-10T13:33:42 IST" duration-ms="510" status="PASS">
          <reporter-output>
          </reporter-output>
        </test-method> <!-- afterTest -->
      </class> <!-- testNG_Test.VarifyTicketBookingSection -->
    </test> <!-- EdgeTest -->
  </suite> <!-- Suite123 -->
</testng-results>
